<?xml version="1.0" encoding="UTF-8"?>
<!-- Generated by org.testng.reporters.JUnitXMLReporter -->
<testsuite hostname="RakSan-HP32" ignored="0" name="Remote Firefox Test" tests="1" failures="0" timestamp="19 Feb 2018 14:03:15 GMT" time="600.057" errors="0">
  <testcase name="@BeforeClass setup" time="600.029" classname="basePackage.TestBaseClass">
    <failure type="org.openqa.selenium.SessionNotCreatedException" message="Unable to create new remote session. desired capabilities = Capabilities [{marionette=true, browserName=firefox, version=50.0, platform=ANY}], required capabilities = Capabilities [{}]
Build info: version: &amp;apos;3.3.1&amp;apos;, revision: &amp;apos;5234b32&amp;apos;, time: &amp;apos;2017-03-10 09:04:52 -0800&amp;apos;
System info: host: &amp;apos;RAKSAN-HP32&amp;apos;, ip: &amp;apos;192.168.0.58&amp;apos;, os.name: &amp;apos;Windows 10&amp;apos;, os.arch: &amp;apos;amd64&amp;apos;, os.version: &amp;apos;10.0&amp;apos;, java.version: &amp;apos;1.8.0_74&amp;apos;
Driver info: driver.version: RemoteWebDriver">
      <![CDATA[org.openqa.selenium.SessionNotCreatedException: Unable to create new remote session. desired capabilities = Capabilities [{marionette=true, browserName=firefox, version=50.0, platform=ANY}], required capabilities = Capabilities [{}]Build info: version: '3.3.1', revision: '5234b32', time: '2017-03-10 09:04:52 -0800'System info: host: 'RAKSAN-HP32', ip: '192.168.0.58', os.name: 'Windows 10', os.arch: 'amd64', os.version: '10.0', java.version: '1.8.0_74'Driver info: driver.version: RemoteWebDriverat org.openqa.selenium.remote.ProtocolHandshake.createSession(ProtocolHandshake.java:126)at org.openqa.selenium.remote.HttpCommandExecutor.execute(HttpCommandExecutor.java:141)at org.openqa.selenium.remote.RemoteWebDriver.execute(RemoteWebDriver.java:604)at org.openqa.selenium.remote.RemoteWebDriver.startSession(RemoteWebDriver.java:244)at org.openqa.selenium.remote.RemoteWebDriver.<init>(RemoteWebDriver.java:131)at org.openqa.selenium.remote.RemoteWebDriver.<init>(RemoteWebDriver.java:158)at basePackage.TestBaseClass.getRemoteWebDriverInstance(TestBaseClass.java:52)at basePackage.TestBaseClass.setup(TestBaseClass.java:65)... Removed 26 stack frames]]>
    </failure>
  </testcase> <!-- @BeforeClass setup -->
  <testcase name="@AfterClass tearDown" time="0.0" classname="basePackage.TestBaseClass">
    <skipped/>
  </testcase> <!-- @AfterClass tearDown -->
  <testcase name="testCase1" time="0.0" classname="basePackage.TestBaseClass">
    <skipped/>
  </testcase> <!-- testCase1 -->
</testsuite> <!-- Remote Firefox Test -->
