<?xml version="1.0" encoding="UTF-8"?>
<!-- Generated by org.testng.reporters.JUnitXMLReporter -->
<testsuite hostname="RakSan-HP32" ignored="0" name="Remote Two Test" tests="11" failures="0" timestamp="21 Feb 2018 10:37:27 GMT" time="4.459" errors="0">
  <testcase name="@BeforeClass setup" time="4.212" classname="basePackage.TestBaseClass">
    <failure type="org.openqa.selenium.SessionNotCreatedException" message="Process unexpectedly closed with status: 0
Build info: version: &amp;apos;3.9.1&amp;apos;, revision: &amp;apos;63f7b50&amp;apos;, time: &amp;apos;2018-02-07T22:42:28.403Z&amp;apos;
System info: host: &amp;apos;RAKSAN-HP32&amp;apos;, ip: &amp;apos;192.168.0.58&amp;apos;, os.name: &amp;apos;Windows 10&amp;apos;, os.arch: &amp;apos;amd64&amp;apos;, os.version: &amp;apos;10.0&amp;apos;, java.version: &amp;apos;1.8.0_74&amp;apos;
Driver info: driver.version: unknown
remote stacktrace: stack backtrace:
   0:           0x47e934 - &amp;lt;no info&amp;gt;
   1:           0x47f0a3 - &amp;lt;no info&amp;gt;
   2:           0x442649 - &amp;lt;no info&amp;gt;
   3:           0x449cc3 - &amp;lt;no info&amp;gt;
   4:           0x42a890 - &amp;lt;no info&amp;gt;
   5:           0x406f5e - &amp;lt;no info&amp;gt;
   6:           0x40cfc9 - &amp;lt;no info&amp;gt;
   7:           0x6bef19 - &amp;lt;no info&amp;gt;
   8:           0x420756 - &amp;lt;no info&amp;gt;
   9:           0x6b96e0 - &amp;lt;no info&amp;gt;
  10:     0x7fff19421fe4 - BaseThreadInitThunk
Command duration or timeout: 0 milliseconds">
      <![CDATA[org.openqa.selenium.SessionNotCreatedException: Process unexpectedly closed with status: 0Build info: version: '3.9.1', revision: '63f7b50', time: '2018-02-07T22:42:28.403Z'System info: host: 'RAKSAN-HP32', ip: '192.168.0.58', os.name: 'Windows 10', os.arch: 'amd64', os.version: '10.0', java.version: '1.8.0_74'Driver info: driver.version: unknownremote stacktrace: stack backtrace:   0:           0x47e934 - <no info>   1:           0x47f0a3 - <no info>   2:           0x442649 - <no info>   3:           0x449cc3 - <no info>   4:           0x42a890 - <no info>   5:           0x406f5e - <no info>   6:           0x40cfc9 - <no info>   7:           0x6bef19 - <no info>   8:           0x420756 - <no info>   9:           0x6b96e0 - <no info>  10:     0x7fff19421fe4 - BaseThreadInitThunkCommand duration or timeout: 0 millisecondsat org.openqa.selenium.remote.ErrorHandler.createThrowable(ErrorHandler.java:216)at org.openqa.selenium.remote.ErrorHandler.throwIfResponseFailed(ErrorHandler.java:168)at org.openqa.selenium.remote.ProtocolHandshake.createSession(ProtocolHandshake.java:367)at org.openqa.selenium.remote.ProtocolHandshake.createSession(ProtocolHandshake.java:113)at org.openqa.selenium.remote.HttpCommandExecutor.execute(HttpCommandExecutor.java:141)at org.openqa.selenium.remote.RemoteWebDriver.execute(RemoteWebDriver.java:604)at org.openqa.selenium.remote.RemoteWebDriver.startSession(RemoteWebDriver.java:244)at org.openqa.selenium.remote.RemoteWebDriver.<init>(RemoteWebDriver.java:131)at org.openqa.selenium.remote.RemoteWebDriver.<init>(RemoteWebDriver.java:158)at basePackage.TestBaseClass.getRemoteWebDriverInstance(TestBaseClass.java:77)at basePackage.TestBaseClass.setup(TestBaseClass.java:90)Caused by: org.openqa.selenium.SessionNotCreatedException: Process unexpectedly closed with status: 0Build info: version: '3.9.1', revision: '63f7b50', time: '2018-02-07T22:42:28.403Z'System info: host: 'RAKSAN-HP32', ip: '192.168.0.58', os.name: 'Windows 10', os.arch: 'amd64', os.version: '10.0', java.version: '1.8.0_74'Driver info: driver.version: unknownremote stacktrace: stack backtrace:   0:           0x47e934 - <no info>   1:           0x47f0a3 - <no info>   2:           0x442649 - <no info>   3:           0x449cc3 - <no info>   4:           0x42a890 - <no info>   5:           0x406f5e - <no info>   6:           0x40cfc9 - <no info>   7:           0x6bef19 - <no info>   8:           0x420756 - <no info>   9:           0x6b96e0 - <no info>  10:     0x7fff19421fe4 - BaseThreadInitThunkBuild info: version: '3.3.1', revision: '5234b32', time: '2017-03-10 09:04:52 -0800'System info: host: 'RAKSAN-HP32', ip: '192.168.0.58', os.name: 'Windows 10', os.arch: 'amd64', os.version: '10.0', java.version: '1.8.0_74'Driver info: driver.version: unknownat org.openqa.selenium.remote.W3CHandshakeResponse.lambda$new$0(W3CHandshakeResponse.java:57)at org.openqa.selenium.remote.W3CHandshakeResponse.lambda$getResponseFunction$2(W3CHandshakeResponse.java:104)at org.openqa.selenium.remote.ProtocolHandshake.lambda$createSession$0(ProtocolHandshake.java:123)at java.util.stream.ReferencePipeline$3$1.accept(ReferencePipeline.java:193)at java.util.Spliterators$ArraySpliterator.tryAdvance(Spliterators.java:958)at java.util.stream.ReferencePipeline.forEachWithCancel(ReferencePipeline.java:126)at java.util.stream.AbstractPipeline.copyIntoWithCancel(AbstractPipeline.java:498)at java.util.stream.AbstractPipeline.copyInto(AbstractPipeline.java:485)at java.util.stream.AbstractPipeline.wrapAndCopyInto(AbstractPipeline.java:471)at java.util.stream.FindOps$FindOp.evaluateSequential(FindOps.java:152)at java.util.stream.AbstractPipeline.evaluate(AbstractPipeline.java:234)at java.util.stream.ReferencePipeline.findFirst(ReferencePipeline.java:464)at org.openqa.selenium.remote.ProtocolHandshake.createSession(ProtocolHandshake.java:126)at org.openqa.selenium.remote.ProtocolHandshake.createSession(ProtocolHandshake.java:73)at org.openqa.selenium.remote.server.RemoteSession$Factory.performHandshake(RemoteSession.java:145)at org.openqa.selenium.remote.server.ServicedSession$Factory.apply(ServicedSession.java:154)at org.openqa.selenium.remote.server.ActiveSessionFactory.lambda$apply$12(ActiveSessionFactory.java:176)at java.util.stream.ReferencePipeline$3$1.accept(ReferencePipeline.java:193)at java.util.stream.ReferencePipeline$11$1.accept(ReferencePipeline.java:373)at java.util.stream.ReferencePipeline$2$1.accept(ReferencePipeline.java:175)at java.util.Spliterators$ArraySpliterator.tryAdvance(Spliterators.java:958)at java.util.stream.ReferencePipeline.forEachWithCancel(ReferencePipeline.java:126)at java.util.stream.AbstractPipeline.copyIntoWithCancel(AbstractPipeline.java:498)at java.util.stream.AbstractPipeline.copyInto(AbstractPipeline.java:485)at java.util.stream.AbstractPipeline.wrapAndCopyInto(AbstractPipeline.java:471)at java.util.stream.FindOps$FindOp.evaluateSequential(FindOps.java:152)at java.util.stream.AbstractPipeline.evaluate(AbstractPipeline.java:234)at java.util.stream.ReferencePipeline.findFirst(ReferencePipeline.java:464)at org.openqa.selenium.remote.server.ActiveSessionFactory.apply(ActiveSessionFactory.java:179)at org.openqa.selenium.remote.server.NewSessionPipeline.lambda$null$2(NewSessionPipeline.java:65)at java.util.stream.ReferencePipeline$3$1.accept(ReferencePipeline.java:193)at java.util.stream.ReferencePipeline$2$1.accept(ReferencePipeline.java:175)at java.util.Collections$2.tryAdvance(Collections.java:4717)at java.util.stream.ReferencePipeline.forEachWithCancel(ReferencePipeline.java:126)at java.util.stream.AbstractPipeline.copyIntoWithCancel(AbstractPipeline.java:498)at java.util.stream.AbstractPipeline.copyInto(AbstractPipeline.java:485)at java.util.stream.AbstractPipeline.wrapAndCopyInto(AbstractPipeline.java:471)at java.util.stream.FindOps$FindOp.evaluateSequential(FindOps.java:152)at java.util.stream.AbstractPipeline.evaluate(AbstractPipeline.java:234)at java.util.stream.ReferencePipeline.findFirst(ReferencePipeline.java:464)at org.openqa.selenium.remote.server.NewSessionPipeline.lambda$createNewSession$3(NewSessionPipeline.java:68)at java.util.stream.ReferencePipeline$3$1.accept(ReferencePipeline.java:193)at java.util.stream.ReferencePipeline$3$1.accept(ReferencePipeline.java:193)at java.util.stream.ReferencePipeline$3$1.accept(ReferencePipeline.java:193)at java.util.stream.DistinctOps$1$2.accept(DistinctOps.java:175)at java.util.stream.ReferencePipeline$2$1.accept(ReferencePipeline.java:175)at java.util.stream.ReferencePipeline$3$1.accept(ReferencePipeline.java:193)at java.util.stream.ReferencePipeline$2$1.accept(ReferencePipeline.java:175)at java.util.stream.Streams$StreamBuilderImpl.tryAdvance(Streams.java:405)at java.util.stream.Streams$ConcatSpliterator.tryAdvance(Streams.java:728)at java.util.stream.ReferencePipeline.forEachWithCancel(ReferencePipeline.java:126)at java.util.stream.AbstractPipeline.copyIntoWithCancel(AbstractPipeline.java:498)at java.util.stream.AbstractPipeline.copyInto(AbstractPipeline.java:485)at java.util.stream.AbstractPipeline.wrapAndCopyInto(AbstractPipeline.java:471)at java.util.stream.FindOps$FindOp.evaluateSequential(FindOps.java:152)at java.util.stream.AbstractPipeline.evaluate(AbstractPipeline.java:234)at java.util.stream.ReferencePipeline.findFirst(ReferencePipeline.java:464)at org.openqa.selenium.remote.server.NewSessionPipeline.createNewSession(NewSessionPipeline.java:71)at org.openqa.selenium.remote.server.commandhandler.BeginSession.execute(BeginSession.java:65)at org.openqa.selenium.remote.server.WebDriverServlet.lambda$handle$0(WebDriverServlet.java:242)at java.util.concurrent.Executors$RunnableAdapter.call(Executors.java:511)at java.util.concurrent.FutureTask.run(FutureTask.java:266)at java.util.concurrent.ThreadPoolExecutor.runWorker(ThreadPoolExecutor.java:1142)at java.util.concurrent.ThreadPoolExecutor$Worker.run(ThreadPoolExecutor.java:617)at java.lang.Thread.run(Thread.java:745)... Removed 34 stack frames]]>
    </failure>
  </testcase> <!-- @BeforeClass setup -->
  <testcase name="@AfterClass tearDown" time="0.0" classname="basePackage.TestBaseClass">
    <skipped/>
  </testcase> <!-- @AfterClass tearDown -->
  <testcase name="testCase1" time="0.0" classname="testExecutionPackage.TestCase1">
    <skipped/>
  </testcase> <!-- testCase1 -->
  <testcase name="testCase1" time="0.0" classname="testExecutionPackage.TestCase1">
    <skipped/>
  </testcase> <!-- testCase1 -->
  <testcase name="testCase1" time="0.0" classname="testExecutionPackage.TestCase1">
    <skipped/>
  </testcase> <!-- testCase1 -->
  <testcase name="testCase1" time="0.0" classname="testExecutionPackage.TestCase1">
    <skipped/>
  </testcase> <!-- testCase1 -->
  <testcase name="testCase1" time="0.0" classname="testExecutionPackage.TestCase1">
    <skipped/>
  </testcase> <!-- testCase1 -->
  <testcase name="testCase1" time="0.0" classname="testExecutionPackage.TestCase1">
    <skipped/>
  </testcase> <!-- testCase1 -->
  <testcase name="testCase1" time="0.0" classname="testExecutionPackage.TestCase1">
    <skipped/>
  </testcase> <!-- testCase1 -->
  <testcase name="testCase1" time="0.0" classname="testExecutionPackage.TestCase1">
    <skipped/>
  </testcase> <!-- testCase1 -->
  <testcase name="testCase1" time="0.0" classname="testExecutionPackage.TestCase1">
    <skipped/>
  </testcase> <!-- testCase1 -->
  <testcase name="testCase1" time="0.0" classname="testExecutionPackage.TestCase1">
    <skipped/>
  </testcase> <!-- testCase1 -->
  <testcase name="testcase2" time="0.0" classname="testExecutionPackage.TestCase1">
    <skipped/>
  </testcase> <!-- testcase2 -->
</testsuite> <!-- Remote Two Test -->
