<?xml version="1.0" encoding="UTF-8"?>
<!-- Generated by org.testng.reporters.JUnitXMLReporter -->
<testsuite hostname="RakSan-HP32" ignored="0" name="Remote One Test1" tests="11" failures="0" timestamp="21 Feb 2018 10:27:41 GMT" time="38.796" errors="0">
  <testcase name="testCase1" time="2.592" classname="testExecutionPackage.TestCase1"/>
  <testcase name="testCase1" time="2.347" classname="testExecutionPackage.TestCase1"/>
  <testcase name="testCase1" time="2.349" classname="testExecutionPackage.TestCase1"/>
  <testcase name="testCase1" time="2.347" classname="testExecutionPackage.TestCase1"/>
  <testcase name="testCase1" time="2.381" classname="testExecutionPackage.TestCase1"/>
  <testcase name="testCase1" time="2.344" classname="testExecutionPackage.TestCase1"/>
  <testcase name="testCase1" time="2.338" classname="testExecutionPackage.TestCase1"/>
  <testcase name="testCase1" time="2.339" classname="testExecutionPackage.TestCase1"/>
  <testcase name="testCase1" time="2.315" classname="testExecutionPackage.TestCase1"/>
  <testcase name="testCase1" time="2.336" classname="testExecutionPackage.TestCase1"/>
  <testcase name="testcase2" time="0.159" classname="testExecutionPackage.TestCase1"/>
</testsuite> <!-- Remote One Test1 -->
