<?xml version="1.0" encoding="UTF-8"?>
<!-- Generated by org.testng.reporters.JUnitXMLReporter -->
<testsuite hostname="RakSan-HP32" ignored="0" name="Default test" tests="4" failures="0" timestamp="14 Feb 2018 10:17:14 GMT" time="0.083" errors="0">
  <testcase name="test" time="0.009" classname="otherAll.DataProviderValuesFromExcel"/>
  <testcase name="test" time="0.002" classname="otherAll.DataProviderValuesFromExcel"/>
  <testcase name="test" time="0.007" classname="otherAll.DataProviderValuesFromExcel"/>
  <testcase name="test" time="0.006" classname="otherAll.DataProviderValuesFromExcel"/>
</testsuite> <!-- Default test -->
