<?xml version="1.0" encoding="UTF-8"?>
<!-- Generated by org.testng.reporters.JUnitXMLReporter -->
<testsuite hostname="RakSan-HP32" ignored="3" name="preserve Od(failed)" tests="1" failures="0" timestamp="05 Feb 2018 09:34:00 GMT" time="0.003" errors="0">
  <testcase name="second" time="0.003" classname="preserve.ClassOne"/>
  <testcase name="first" time="0.0" classname="preserve.ClassOne">
    <ignored/>
  </testcase> <!-- first -->
  <testcase name="third" time="0.0" classname="preserve.ClassOne">
    <ignored/>
  </testcase> <!-- third -->
  <testcase name="fourth" time="0.0" classname="preserve.ClassOne">
    <ignored/>
  </testcase> <!-- fourth -->
</testsuite> <!-- preserve Od(failed) -->
