<?xml version="1.0" encoding="UTF-8"?>
<!-- Generated by org.testng.reporters.JUnitXMLReporter -->
<testsuite hostname="RakSan-HP32" ignored="0" name="preserve Od" tests="12" failures="1" timestamp="05 Feb 2018 09:17:19 GMT" time="0.221" errors="0">
  <testcase name="first" time="0.013" classname="preserve.ClassOne"/>
  <testcase name="fourth" time="0.007" classname="preserve.ClassOne"/>
  <testcase name="second" time="0.008" classname="preserve.ClassOne">
    <failure type="java.lang.AssertionError" message="expected [true] but found [false]">
      <![CDATA[java.lang.AssertionError: expected [true] but found [false]at preserve.ClassOne.second(ClassOne.java:19)... Removed 29 stack frames]]>
    </failure>
  </testcase> <!-- second -->
  <testcase name="third" time="0.003" classname="preserve.ClassOne"/>
  <testcase name="first" time="0.001" classname="preserve.ClassThree"/>
  <testcase name="fourth" time="0.001" classname="preserve.ClassThree"/>
  <testcase name="second" time="0.002" classname="preserve.ClassThree"/>
  <testcase name="third" time="0.002" classname="preserve.ClassThree"/>
  <testcase name="first" time="0.01" classname="preserve.ClassTwo"/>
  <testcase name="fourth" time="0.004" classname="preserve.ClassTwo"/>
  <testcase name="second" time="0.004" classname="preserve.ClassTwo"/>
  <testcase name="third" time="0.009" classname="preserve.ClassTwo"/>
</testsuite> <!-- preserve Od -->
